<?xml version="1.0" encoding="UTF-8"?>
<!-- Generated by org.testng.reporters.JUnitReportReporter -->
<testsuite skipped="0" hostname="Faria" name="com.Insurance.testrunner.TestngtestRunner" tests="1" failures="0" timestamp="06 Feb 2018 03:23:04 GMT" time="0.006" errors="0">
  <testcase name="feature" time="0.006" classname="com.Insurance.testrunner.TestngtestRunner"/>
</testsuite> <!-- com.Insurance.testrunner.TestngtestRunner -->
